<?xml version="1.0" encoding="UTF-8"?>
<!-- Generated by org.testng.reporters.JUnitReportReporter -->
<testsuite hostname="LAPTOP-T5LBKFCI" failures="0" tests="1" name="test.DemoBlazeTest" time="21.840" errors="0" timestamp="2024-01-15T14:37:48 COT" skipped="0">
  <testcase classname="test.DemoBlazeTest" name="buyingAnyLaptop" time="21.840"/>
  <system-out/>
</testsuite> <!-- test.DemoBlazeTest -->
